<?xml version="1.0" encoding="UTF-8"?>
<testng-results ignored="2" total="5" passed="2" failed="1" skipped="0">
  <reporter-output>
  </reporter-output>
  <suite started-at="2024-12-20T09:30:27 IST" name="Suite" finished-at="2024-12-20T09:30:46 IST" duration-ms="18612">
    <groups>
    </groups>
    <test started-at="2024-12-20T09:30:27 IST" name="Test" finished-at="2024-12-20T09:30:46 IST" duration-ms="18612">
      <class name="TestCases.LoginTestCases">
        <test-method is-config="true" signature="BrowserLaunchEveryTestCase()[pri:0, instance:TestCases.LoginTestCases@478190fc]" started-at="2024-12-20T09:30:41 IST" name="BrowserLaunchEveryTestCase" finished-at="2024-12-20T09:30:43 IST" duration-ms="1814" status="PASS">
          <reporter-output>
          </reporter-output>
        </test-method> <!-- BrowserLaunchEveryTestCase -->
        <test-method signature="VerifyLoginWithValidData()[pri:0, instance:TestCases.LoginTestCases@478190fc]" started-at="2024-12-20T09:30:43 IST" name="VerifyLoginWithValidData" finished-at="2024-12-20T09:30:46 IST" duration-ms="2940" status="PASS">
          <reporter-output>
          </reporter-output>
        </test-method> <!-- VerifyLoginWithValidData -->
        <test-method is-config="true" signature="BrowserCloseEveryTestCase()[pri:0, instance:TestCases.LoginTestCases@478190fc]" started-at="2024-12-20T09:30:46 IST" name="BrowserCloseEveryTestCase" finished-at="2024-12-20T09:30:46 IST" duration-ms="1" status="PASS">
          <reporter-output>
          </reporter-output>
        </test-method> <!-- BrowserCloseEveryTestCase -->
      </class> <!-- TestCases.LoginTestCases -->
      <class name="TestCases.RegisterTestCases">
        <test-method is-config="true" signature="setup()[pri:0, instance:TestCases.RegisterTestCases@222545dc]" started-at="2024-12-20T09:30:27 IST" name="setup" finished-at="2024-12-20T09:30:27 IST" duration-ms="522" status="PASS">
          <reporter-output>
          </reporter-output>
        </test-method> <!-- setup -->
        <test-method is-config="true" signature="BrowserLaunchEveryTestCase()[pri:0, instance:TestCases.RegisterTestCases@222545dc]" started-at="2024-12-20T09:30:27 IST" name="BrowserLaunchEveryTestCase" finished-at="2024-12-20T09:30:34 IST" duration-ms="6938" status="PASS">
          <reporter-output>
          </reporter-output>
        </test-method> <!-- BrowserLaunchEveryTestCase -->
        <test-method signature="VerifyRegistrationWithBlankData()[pri:0, instance:TestCases.RegisterTestCases@222545dc]" started-at="2024-12-20T09:30:34 IST" name="VerifyRegistrationWithBlankData" finished-at="2024-12-20T09:30:36 IST" duration-ms="1480" status="FAIL">
          <exception class="java.lang.AssertionError">
            <message>
              <![CDATA[The following asserts failed:
expected [alert alert-danger alert-dismissible] but found [Warning: You must agree to the Privacy Policy!]]]>
            </message>
            <full-stacktrace>
              <![CDATA[java.lang.AssertionError: The following asserts failed:
expected [alert alert-danger alert-dismissible] but found [Warning: You must agree to the Privacy Policy!]
at org.testng.asserts.SoftAssert.assertAll(SoftAssert.java:47)
at org.testng.asserts.SoftAssert.assertAll(SoftAssert.java:31)
at TestCases.RegisterTestCases.VerifyRegistrationWithBlankData(RegisterTestCases.java:87)
at java.base/jdk.internal.reflect.DirectMethodHandleAccessor.invoke(DirectMethodHandleAccessor.java:103)
at java.base/java.lang.reflect.Method.invoke(Method.java:580)
at org.testng.internal.MethodInvocationHelper.invokeMethod(MethodInvocationHelper.java:133)
at org.testng.internal.TestInvoker.invokeMethod(TestInvoker.java:598)
at org.testng.internal.TestInvoker.invokeTestMethod(TestInvoker.java:173)
at org.testng.internal.MethodRunner.runInSequence(MethodRunner.java:46)
at org.testng.internal.TestInvoker$MethodInvocationAgent.invoke(TestInvoker.java:824)
at org.testng.internal.TestInvoker.invokeTestMethods(TestInvoker.java:146)
at org.testng.internal.TestMethodWorker.invokeTestMethods(TestMethodWorker.java:146)
at org.testng.internal.TestMethodWorker.run(TestMethodWorker.java:128)
at java.base/java.util.ArrayList.forEach(ArrayList.java:1596)
at org.testng.TestRunner.privateRun(TestRunner.java:794)
at org.testng.TestRunner.run(TestRunner.java:596)
at org.testng.SuiteRunner.runTest(SuiteRunner.java:377)
at org.testng.SuiteRunner.runSequentially(SuiteRunner.java:371)
at org.testng.SuiteRunner.privateRun(SuiteRunner.java:332)
at org.testng.SuiteRunner.run(SuiteRunner.java:276)
at org.testng.SuiteRunnerWorker.runSuite(SuiteRunnerWorker.java:53)
at org.testng.SuiteRunnerWorker.run(SuiteRunnerWorker.java:96)
at org.testng.TestNG.runSuitesSequentially(TestNG.java:1212)
at org.testng.TestNG.runSuitesLocally(TestNG.java:1134)
at org.testng.TestNG.runSuites(TestNG.java:1063)
at org.testng.TestNG.run(TestNG.java:1031)
at org.testng.remote.AbstractRemoteTestNG.run(AbstractRemoteTestNG.java:115)
at org.testng.remote.RemoteTestNG.initAndRun(RemoteTestNG.java:293)
at org.testng.remote.RemoteTestNG.main(RemoteTestNG.java:91)
]]>
            </full-stacktrace>
          </exception> <!-- java.lang.AssertionError -->
          <reporter-output>
          </reporter-output>
        </test-method> <!-- VerifyRegistrationWithBlankData -->
        <test-method is-config="true" signature="BrowserCloseEveryTestCase()[pri:0, instance:TestCases.RegisterTestCases@222545dc]" started-at="2024-12-20T09:30:36 IST" name="BrowserCloseEveryTestCase" finished-at="2024-12-20T09:30:36 IST" duration-ms="1" status="PASS">
          <reporter-output>
          </reporter-output>
        </test-method> <!-- BrowserCloseEveryTestCase -->
        <test-method is-config="true" signature="BrowserLaunchEveryTestCase()[pri:0, instance:TestCases.RegisterTestCases@222545dc]" started-at="2024-12-20T09:30:36 IST" name="BrowserLaunchEveryTestCase" finished-at="2024-12-20T09:30:39 IST" duration-ms="2786" status="PASS">
          <reporter-output>
          </reporter-output>
        </test-method> <!-- BrowserLaunchEveryTestCase -->
        <test-method signature="VerifyRegistrationWithValidData()[pri:0, instance:TestCases.RegisterTestCases@222545dc]" started-at="2024-12-20T09:30:39 IST" name="VerifyRegistrationWithValidData" finished-at="2024-12-20T09:30:41 IST" duration-ms="2419" status="PASS">
          <reporter-output>
          </reporter-output>
        </test-method> <!-- VerifyRegistrationWithValidData -->
        <test-method is-config="true" signature="BrowserCloseEveryTestCase()[pri:0, instance:TestCases.RegisterTestCases@222545dc]" started-at="2024-12-20T09:30:41 IST" name="BrowserCloseEveryTestCase" finished-at="2024-12-20T09:30:41 IST" duration-ms="0" status="PASS">
          <reporter-output>
          </reporter-output>
        </test-method> <!-- BrowserCloseEveryTestCase -->
        <test-method is-config="true" signature="endreporttest()[pri:0, instance:TestCases.RegisterTestCases@222545dc]" started-at="2024-12-20T09:30:46 IST" name="endreporttest" finished-at="2024-12-20T09:30:47 IST" duration-ms="1300" status="PASS">
          <reporter-output>
          </reporter-output>
        </test-method> <!-- endreporttest -->
      </class> <!-- TestCases.RegisterTestCases -->
    </test> <!-- Test -->
  </suite> <!-- Suite -->
</testng-results>
